SF:lib/base/bloc/bloc_test.dart
DA:12,1
DA:25,1
DA:27,1
DA:28,2
DA:30,0
DA:31,2
DA:33,1
DA:34,1
DA:35,3
DA:37,2
DA:38,3
DA:41,2
LF:12
LH:11
end_of_record
SF:lib/domain/themes/theme_bloc.dart
DA:7,1
DA:10,2
DA:11,1
DA:12,1
DA:19,1
DA:20,3
DA:21,2
DA:24,0
DA:25,0
DA:28,0
DA:29,0
DA:30,0
DA:32,0
LF:13
LH:7
end_of_record
SF:lib/domain/themes/theme_state.g.dart
DA:10,1
DA:11,3
DA:13,1
DA:14,1
DA:15,2
DA:16,1
DA:17,1
DA:26,0
DA:29,0
DA:30,0
DA:31,0
DA:34,0
DA:36,0
DA:39,1
DA:41,3
DA:43,1
DA:44,2
DA:46,1
DA:48,2
DA:49,2
DA:50,2
DA:51,1
DA:56,1
DA:62,1
DA:64,1
DA:65,1
DA:68,1
DA:70,1
DA:73,3
DA:75,3
DA:77,3
DA:79,3
DA:81,1
DA:82,1
DA:84,2
DA:85,2
DA:86,1
DA:91,1
DA:93,1
DA:94,1
DA:95,1
DA:96,1
DA:97,1
DA:98,1
DA:99,1
LF:45
LH:39
end_of_record
SF:lib/domain/themes/theme_state.dart
DA:7,0
DA:11,1
DA:13,1
DA:14,1
DA:15,1
DA:16,1
DA:17,1
LF:7
LH:6
end_of_record
SF:lib/base/bloc/bloc.dart
DA:10,1
DA:11,2
DA:13,2
DA:15,1
DA:25,3
DA:27,3
DA:29,0
DA:31,1
DA:32,1
DA:35,0
DA:36,0
DA:37,0
DA:40,1
DA:41,2
DA:42,2
DA:45,5
DA:48,1
DA:49,1
DA:50,5
DA:53,3
DA:56,0
DA:57,0
LF:22
LH:16
end_of_record
SF:lib/utils/log.dart
DA:3,3
LF:1
LH:1
end_of_record
SF:lib/utils/extensions/context_extension.dart
DA:7,0
DA:8,0
DA:9,0
DA:10,0
DA:12,0
DA:14,0
DA:15,0
DA:17,0
DA:18,0
DA:20,0
DA:21,0
DA:23,0
DA:24,0
DA:26,0
DA:28,0
DA:30,0
DA:31,0
DA:32,0
DA:33,0
DA:34,0
DA:35,0
DA:36,0
LF:22
LH:0
end_of_record
SF:lib/utils/extensions/date_extensions.dart
DA:2,0
DA:3,0
DA:4,0
DA:5,0
DA:6,0
DA:7,0
DA:8,0
DA:9,0
DA:10,0
DA:11,0
DA:16,0
LF:11
LH:0
end_of_record
SF:lib/utils/extensions/future_extension.dart
DA:6,0
DA:13,0
DA:16,0
DA:17,0
DA:19,0
DA:20,0
DA:21,0
DA:23,0
DA:29,0
DA:31,0
DA:33,0
DA:34,0
DA:36,0
DA:40,0
DA:42,0
DA:49,0
DA:56,0
DA:61,0
DA:63,0
DA:65,0
LF:20
LH:0
end_of_record
SF:lib/utils/extensions/generic_extension.dart
DA:4,0
DA:5,0
DA:9,0
LF:3
LH:0
end_of_record
SF:lib/utils/extensions/stream_extension.dart
DA:6,0
DA:13,0
DA:16,0
DA:17,0
DA:19,0
DA:20,0
DA:21,0
DA:23,0
DA:29,0
DA:31,0
DA:33,0
DA:34,0
DA:36,0
DA:40,0
DA:42,0
DA:50,0
DA:57,0
DA:62,0
DA:64,0
DA:66,0
LF:20
LH:0
end_of_record
SF:lib/utils/extensions/string_extensions.dart
DA:2,1
DA:3,1
DA:5,4
DA:6,1
LF:4
LH:4
end_of_record
SF:lib/utils/extensions/textstyle_extension.dart
DA:4,0
DA:5,0
DA:6,0
DA:7,0
DA:8,0
DA:9,0
DA:10,0
DA:11,0
DA:12,0
DA:14,0
DA:15,0
DA:16,0
DA:17,0
DA:18,0
DA:19,0
DA:20,0
DA:21,0
DA:22,0
DA:24,0
DA:25,0
DA:27,0
DA:28,0
DA:29,0
DA:30,0
DA:31,0
DA:32,0
LF:26
LH:0
end_of_record
